<?xml version="1.0" encoding="UTF-8"?>
<testsuite name="com.pr.ivr.dao.test.TestExample" tests="2" skipped="0" failures="0" errors="0" timestamp="2017-06-12T02:58:56" hostname="MBP-de-APPLE" time="0.366">
  <properties/>
  <testcase name="saveUserTest" classname="com.pr.ivr.dao.test.TestExample" time="0.113"/>
  <testcase name="findAllUser" classname="com.pr.ivr.dao.test.TestExample" time="0.25"/>
  <system-out><![CDATA[]]></system-out>
  <system-err><![CDATA[log4j:WARN No appenders could be found for logger (org.springframework.test.context.junit4.SpringJUnit4ClassRunner).
log4j:WARN Please initialize the log4j system properly.
log4j:WARN See http://logging.apache.org/log4j/1.2/faq.html#noconfig for more info.
]]></system-err>
</testsuite>
